<?xml version="1.0" encoding="UTF-8"?>
<!-- Generated by org.testng.reporters.JUnitReportReporter -->
<testsuite name="pack9_Collections.ArrayList_Coll" tests="1" time="0.024" ignored="0" failures="0" timestamp="26 Feb 2021 12:29:25 GMT" skipped="0" hostname="DESKTOP-GAEG9SK" errors="0">
  <testcase name="arrays" time="0.024" classname="pack9_Collections.ArrayList_Coll"/>
</testsuite> <!-- pack9_Collections.ArrayList_Coll -->
