<?xml version="1.0" encoding="UTF-8"?>
<!-- Generated by org.testng.reporters.JUnitReportReporter -->
<testsuite name="pack9_Collections.CollectionPuzzle" tests="1" time="0.028" ignored="0" failures="0" timestamp="28 Feb 2021 08:28:10 GMT" skipped="0" hostname="DESKTOP-GAEG9SK" errors="0">
  <testcase name="Test" time="0.028" classname="pack9_Collections.CollectionPuzzle"/>
</testsuite> <!-- pack9_Collections.CollectionPuzzle -->
