<?xml version="1.0" encoding="UTF-8"?>
<!-- Generated by org.testng.reporters.JUnitReportReporter -->
<testsuite name="pack9_Collections.HashSet_Example" tests="1" time="0.020" ignored="0" failures="0" timestamp="26 Feb 2021 12:56:34 GMT" skipped="0" hostname="DESKTOP-GAEG9SK" errors="0">
  <testcase name="hashSet_ex" time="0.020" classname="pack9_Collections.HashSet_Example"/>
</testsuite> <!-- pack9_Collections.HashSet_Example -->
