<?xml version="1.0" encoding="UTF-8"?>
<!-- Generated by org.testng.reporters.JUnitReportReporter -->
<testsuite name="pack7_Date.Dates" tests="3" time="0.049" ignored="0" failures="0" timestamp="24 Mar 2021 08:33:12 GMT" skipped="0" hostname="DESKTOP-GAEG9SK" errors="0">
  <testcase name="Dates" time="0.031" classname="pack7_Date.Dates"/>
  <testcase name="Formated_date_Using_CalenderObject" time="0.011" classname="pack7_Date.Dates"/>
  <testcase name="Formated_date_Using_SimpleDateFormat1" time="0.007" classname="pack7_Date.Dates"/>
</testsuite> <!-- pack7_Date.Dates -->
