<?xml version="1.0" encoding="UTF-8"?>
<!-- Generated by org.testng.reporters.JUnitReportReporter -->
<testsuite name="pack9_Collections.C3_HasMap_Example" tests="1" time="0.027" ignored="0" failures="0" timestamp="28 Feb 2021 06:59:10 GMT" skipped="0" hostname="DESKTOP-GAEG9SK" errors="0">
  <testcase name="HasMapTest" time="0.027" classname="pack9_Collections.C3_HasMap_Example"/>
</testsuite> <!-- pack9_Collections.C3_HasMap_Example -->
