<?xml version="1.0" encoding="UTF-8"?>
<!-- Generated by org.testng.reporters.JUnitReportReporter -->
<testsuite name="pack6_array.Arrays" tests="4" time="0.177" ignored="0" failures="0" timestamp="26 Feb 2021 12:07:48 GMT" skipped="0" hostname="DESKTOP-GAEG9SK" errors="0">
  <testcase name="SingleDimArray" time="0.142" classname="pack6_array.Arrays"/>
  <testcase name="LeatNum_in_MultiDimArray" time="0.010" classname="pack6_array.Arrays"/>
  <testcase name="MultiDimArray" time="0.010" classname="pack6_array.Arrays"/>
  <testcase name="MaxNum_in_givenColumn_MultiDimArray" time="0.015" classname="pack6_array.Arrays"/>
</testsuite> <!-- pack6_array.Arrays -->
