<?xml version="1.0" encoding="UTF-8"?>
<!-- Generated by org.testng.reporters.JUnitReportReporter -->
<testsuite name="pack9_Collections.C2_HashSet_Example" tests="1" time="0.023" ignored="0" failures="0" timestamp="28 Feb 2021 07:15:22 GMT" skipped="0" hostname="DESKTOP-GAEG9SK" errors="0">
  <testcase name="hashSet_ex" time="0.023" classname="pack9_Collections.C2_HashSet_Example"/>
</testsuite> <!-- pack9_Collections.C2_HashSet_Example -->
