<?xml version="1.0" encoding="UTF-8"?>
<!-- Generated by org.testng.reporters.JUnitReportReporter -->
<testsuite name="pack1.D1_BasicRestAssured_AddPlace_Post" tests="1" time="8.055" ignored="0" failures="0" timestamp="10 Feb 2021 15:28:27 GMT" skipped="0" hostname="DESKTOP-GAEG9SK" errors="0">
  <testcase name="Post" time="8.055" classname="pack1.D1_BasicRestAssured_AddPlace_Post"/>
</testsuite> <!-- pack1.D1_BasicRestAssured_AddPlace_Post -->
