<?xml version="1.0" encoding="UTF-8"?>
<!-- Generated by org.testng.reporters.JUnitReportReporter -->
<testsuite name="pack1.D2_RestAssured_E2E_PostUpdateGet" tests="3" time="10.906" ignored="0" failures="0" timestamp="03 Apr 2021 04:16:29 GMT" skipped="0" hostname="DESKTOP-GAEG9SK" errors="0">
  <testcase name="Update" time="2.863" classname="pack1.D2_RestAssured_E2E_PostUpdateGet"/>
  <testcase name="Post" time="5.845" classname="pack1.D2_RestAssured_E2E_PostUpdateGet"/>
  <testcase name="Get" time="2.198" classname="pack1.D2_RestAssured_E2E_PostUpdateGet"/>
</testsuite> <!-- pack1.D2_RestAssured_E2E_PostUpdateGet -->
