<?xml version="1.0" encoding="UTF-8"?>
<!-- Generated by org.testng.reporters.JUnitReportReporter -->
<testsuite name="pack2.D1_RestAssured_JIRA_UpdateIssue" tests="3" time="9.199" ignored="0" failures="0" timestamp="10 Feb 2021 14:07:30 GMT" skipped="0" hostname="DESKTOP-GAEG9SK" errors="0">
  <testcase name="JiraAPI_AddComments" time="7.038" classname="pack2.D1_RestAssured_JIRA_UpdateIssue"/>
  <testcase name="JiraAPI_AddAttachment" time="0.741" classname="pack2.D1_RestAssured_JIRA_UpdateIssue"/>
  <testcase name="JiraAPI_GetIssue" time="1.420" classname="pack2.D1_RestAssured_JIRA_UpdateIssue"/>
</testsuite> <!-- pack2.D1_RestAssured_JIRA_UpdateIssue -->
